#
# There is insufficient memory for the Java Runtime Environment to continue.
# Native memory allocation (malloc) failed to allocate 32744 bytes for ChunkPool::allocate
# Possible reasons:
#   The system is out of physical RAM or swap space
#   In 32 bit mode, the process size limit was hit
# Possible solutions:
#   Reduce memory load on the system
#   Increase physical memory or swap space
#   Check if swap backing store is full
#   Use 64 bit Java on a 64 bit OS
#   Decrease Java heap size (-Xmx/-Xms)
#   Decrease number of Java threads
#   Decrease Java thread stack sizes (-Xss)
#   Set larger code cache with -XX:ReservedCodeCacheSize=
# This output file may be truncated or incomplete.
#
#  Out of Memory Error (allocation.cpp:273), pid=4752, tid=0x00000000000023c4
#
# JRE version: OpenJDK Runtime Environment (8.0_76-b03) (build 1.8.0_76-release-b03)
# Java VM: OpenJDK 64-Bit Server VM (25.76-b03 mixed mode windows-amd64 compressed oops)
# Failed to write core dump. Minidumps are not enabled by default on client versions of Windows
#

---------------  T H R E A D  ---------------

Current thread (0x00000000180ae000):  JavaThread "C1 CompilerThread2" daemon [_thread_in_native, id=9156, stack(0x0000000019c20000,0x0000000019d20000)]

Stack: [0x0000000019c20000,0x0000000019d20000]
[error occurred during error reporting (printing stack bounds), id 0xc0000005]

Native frames: (J=compiled Java code, j=interpreted, Vv=VM code, C=native code)


Current CompileTask:
C1:    946  604 % !   3       sun.nio.cs.ext.DoubleByte$Encoder::encodeArrayLoop @ 55 (409 bytes)


---------------  P R O C E S S  ---------------

Java Threads: ( => current thread )
  0x0000000019730000 JavaThread "Service Thread" daemon [_thread_blocked, id=360, stack(0x0000000019d20000,0x0000000019e20000)]
=>0x00000000180ae000 JavaThread "C1 CompilerThread2" daemon [_thread_in_native, id=9156, stack(0x0000000019c20000,0x0000000019d20000)]
  0x00000000180ac800 JavaThread "C2 CompilerThread1" daemon [_thread_in_native, id=5528, stack(0x0000000019b20000,0x0000000019c20000)]
  0x00000000180a9000 JavaThread "C2 CompilerThread0" daemon [_thread_in_native, id=6756, stack(0x0000000019620000,0x0000000019720000)]
  0x000000001805c000 JavaThread "Attach Listener" daemon [_thread_blocked, id=6680, stack(0x0000000019520000,0x0000000019620000)]
  0x00000000180a8800 JavaThread "Signal Dispatcher" daemon [_thread_blocked, id=7740, stack(0x0000000019420000,0x0000000019520000)]
  0x00000000034db800 JavaThread "Finalizer" daemon [_thread_blocked, id=2780, stack(0x00000000192a0000,0x00000000193a0000)]
  0x00000000034d0800 JavaThread "Reference Handler" daemon [_thread_blocked, id=708, stack(0x00000000191a0000,0x00000000192a0000)]
  0x00000000033e2800 JavaThread "main" [_thread_in_native, id=7292, stack(0x0000000003280000,0x0000000003380000)]

Other Threads:
  0x0000000018014800 VMThread [stack: 0x00000000190a0000,0x00000000191a0000] [id=2472]
  0x0000000019732000 WatcherThread [stack: 0x0000000019e20000,0x0000000019f20000] [id=1412]

VM state:not at safepoint (normal execution)

VM Mutex/Monitor currently owned by a thread: None

Heap:
 PSYoungGen      total 71680K, used 66762K [0x00000000d5c00000, 0x00000000da700000, 0x0000000100000000)
  eden space 66560K, 92% used [0x00000000d5c00000,0x00000000d9839c50,0x00000000d9d00000)
  from space 5120K, 99% used [0x00000000da200000,0x00000000da6f8eb8,0x00000000da700000)
  to   space 5120K, 0% used [0x00000000d9d00000,0x00000000d9d00000,0x00000000da200000)
 ParOldGen       total 87552K, used 1447K [0x0000000081400000, 0x0000000086980000, 0x00000000d5c00000)
  object space 87552K, 1% used [0x0000000081400000,0x0000000081569e50,0x0000000086980000)
 Metaspace       used 3758K, capacity 5144K, committed 5376K, reserved 1056768K
  class space    used 385K, capacity 456K, committed 512K, reserved 1048576K

Card table byte_map: [0x00000000128a0000,0x0000000012ca0000] byte_map_base: 0x0000000012496000

Marking Bits: (ParMarkBitMap*) 0x0000000076039d00
 Begin Bits: [0x0000000013350000, 0x0000000015300000)
 End Bits:   [0x0000000015300000, 0x00000000172b0000)

Polling page: 0x0000000002ed0000

CodeCache: size=245760Kb used=3321Kb max_used=3321Kb free=242438Kb
 bounds [0x00000000034e0000, 0x0000000003820000, 0x00000000124e0000]
 total_blobs=832 nmethods=583 adapters=163
 compilation: enabled

Compilation events (10 events):
Event: 0.922 Thread 0x00000000180ae000 nmethod 598 0x000000000381d4d0 code [0x000000000381d6a0, 0x000000000381dc28]
Event: 0.938 Thread 0x00000000180ae000  599       2       sun.nio.cs.StreamEncoder::implFlushBuffer (15 bytes)
Event: 0.938 Thread 0x00000000180ae000 nmethod 599 0x000000000381e210 code [0x000000000381e380, 0x000000000381e508]
Event: 0.938 Thread 0x00000000180ae000  600   !   2       java.io.PrintStream::write (69 bytes)
Event: 0.939 Thread 0x00000000180ae000 nmethod 600 0x000000000381e5d0 code [0x000000000381e780, 0x000000000381ec18]
Event: 0.939 Thread 0x00000000180ae000  601  s    2       java.io.BufferedOutputStream::write (67 bytes)
Event: 0.939 Thread 0x00000000180ae000 nmethod 601 0x000000000381ef50 code [0x000000000381f0e0, 0x000000000381f5f8]
Event: 0.939 Thread 0x00000000180ae000  602       2       java.io.FileOutputStream::write (12 bytes)
Event: 0.940 Thread 0x00000000180ae000 nmethod 602 0x000000000381f790 code [0x000000000381f900, 0x000000000381fa68]
Event: 0.941 Thread 0x00000000180ae000  604 % !   3       sun.nio.cs.ext.DoubleByte$Encoder::encodeArrayLoop @ 55 (409 bytes)

GC Heap History (4 events):
Event: 0.453 GC heap before
{Heap before GC invocations=1 (full 0):
 PSYoungGen      total 38400K, used 33280K [0x00000000d5c00000, 0x00000000d8680000, 0x0000000100000000)
  eden space 33280K, 100% used [0x00000000d5c00000,0x00000000d7c80000,0x00000000d7c80000)
  from space 5120K, 0% used [0x00000000d8180000,0x00000000d8180000,0x00000000d8680000)
  to   space 5120K, 0% used [0x00000000d7c80000,0x00000000d7c80000,0x00000000d8180000)
 ParOldGen       total 87552K, used 0K [0x0000000081400000, 0x0000000086980000, 0x00000000d5c00000)
  object space 87552K, 0% used [0x0000000081400000,0x0000000081400000,0x0000000086980000)
 Metaspace       used 3679K, capacity 5144K, committed 5376K, reserved 1056768K
  class space    used 381K, capacity 456K, committed 512K, reserved 1048576K
Event: 0.462 GC heap after
Heap after GC invocations=1 (full 0):
 PSYoungGen      total 38400K, used 4409K [0x00000000d5c00000, 0x00000000da700000, 0x0000000100000000)
  eden space 33280K, 0% used [0x00000000d5c00000,0x00000000d5c00000,0x00000000d7c80000)
  from space 5120K, 86% used [0x00000000d7c80000,0x00000000d80ce548,0x00000000d8180000)
  to   space 5120K, 0% used [0x00000000da200000,0x00000000da200000,0x00000000da700000)
 ParOldGen       total 87552K, used 0K [0x0000000081400000, 0x0000000086980000, 0x00000000d5c00000)
  object space 87552K, 0% used [0x0000000081400000,0x0000000081400000,0x0000000086980000)
 Metaspace       used 3679K, capacity 5144K, committed 5376K, reserved 1056768K
  class space    used 381K, capacity 456K, committed 512K, reserved 1048576K
}
Event: 0.625 GC heap before
{Heap before GC invocations=2 (full 0):
 PSYoungGen      total 38400K, used 37689K [0x00000000d5c00000, 0x00000000da700000, 0x0000000100000000)
  eden space 33280K, 100% used [0x00000000d5c00000,0x00000000d7c80000,0x00000000d7c80000)
  from space 5120K, 86% used [0x00000000d7c80000,0x00000000d80ce548,0x00000000d8180000)
  to   space 5120K, 0% used [0x00000000da200000,0x00000000da200000,0x00000000da700000)
 ParOldGen       total 87552K, used 0K [0x0000000081400000, 0x0000000086980000, 0x00000000d5c00000)
  object space 87552K, 0% used [0x0000000081400000,0x0000000081400000,0x0000000086980000)
 Metaspace       used 3724K, capacity 5144K, committed 5376K, reserved 1056768K
  class space    used 385K, capacity 456K, committed 512K, reserved 1048576K
Event: 0.634 GC heap after
Heap after GC invocations=2 (full 0):
 PSYoungGen      total 71680K, used 5091K [0x00000000d5c00000, 0x00000000da700000, 0x0000000100000000)
  eden space 66560K, 0% used [0x00000000d5c00000,0x00000000d5c00000,0x00000000d9d00000)
  from space 5120K, 99% used [0x00000000da200000,0x00000000da6f8eb8,0x00000000da700000)
  to   space 5120K, 0% used [0x00000000d9d00000,0x00000000d9d00000,0x00000000da200000)
 ParOldGen       total 87552K, used 1447K [0x0000000081400000, 0x0000000086980000, 0x00000000d5c00000)
  object space 87552K, 1% used [0x0000000081400000,0x0000000081569e50,0x0000000086980000)
 Metaspace       used 3724K, capacity 5144K, committed 5376K, reserved 1056768K
  class space    used 385K, capacity 456K, committed 512K, reserved 1048576K
}

Deoptimization events (3 events):
Event: 0.297 Thread 0x00000000033e2800 Uncommon trap: reason=unstable_if action=reinterpret pc=0x000000000365a6d0 method=java.lang.String.<init>([CII)V @ 18
Event: 0.342 Thread 0x00000000033e2800 Uncommon trap: reason=unloaded action=reinterpret pc=0x00000000036e4470 method=com.android.dx.cf.cst.ConstantPoolParser.parse0(ILjava/util/BitSet;)Lcom/android/dx/rop/cst/Constant; @ 220
Event: 0.613 Thread 0x00000000033e2800 Uncommon trap: reason=unstable_if action=reinterpret pc=0x00000000037c98b8 method=com.android.dx.cf.direct.StdAttributeFactory.parse0(Lcom/android/dx/cf/direct/DirectClassFile;ILjava/lang/String;IILcom/android/dx/cf/iface/ParseObserver;)Lcom/android/dx/cf/

Internal exceptions (2 events):
Event: 0.027 Thread 0x00000000033e2800 Exception <a 'java/lang/NoSuchMethodError': Method sun.misc.Unsafe.defineClass(Ljava/lang/String;[BII)Ljava/lang/Class; name or signature does not match> (0x00000000d5c07cc0) thrown at [C:\src\android\AOSP-openjdk\external\jetbrains\jdk\hotspot\src\share\vùno|É∆õ?
Event: 0.027 Thread 0x00000000033e2800 Exception <a 'java/lang/NoSuchMethodError': Method sun.misc.Unsafe.prefetchRead(Ljava/lang/Object;J)V name or signature does not match> (0x00000000d5c07fa8) thrown at [C:\src\android\AOSP-openjdk\external\jetbrains\jdk\hotspot\src\share\vm\prims\jni.cpp, l

Events (10 events):
Event: 0.619 Thread 0x00000000033e2800 DEOPT PACKING pc=0x00000000036f7c64 sp=0x000000000337eea0
Event: 0.619 Thread 0x00000000033e2800 DEOPT UNPACKING pc=0x00000000035275bf sp=0x000000000337ec60 mode 0
Event: 0.619 Thread 0x00000000033e2800 DEOPT PACKING pc=0x00000000036fc74b sp=0x000000000337efa0
Event: 0.619 Thread 0x00000000033e2800 DEOPT UNPACKING pc=0x00000000035275bf sp=0x000000000337edb0 mode 0
Event: 0.625 Executing VM operation: ParallelGCFailedAllocation
Event: 0.634 Executing VM operation: ParallelGCFailedAllocation done
Event: 0.642 Thread 0x00000000033e2800 DEOPT PACKING pc=0x00000000036f7c64 sp=0x000000000337eea0
Event: 0.642 Thread 0x00000000033e2800 DEOPT UNPACKING pc=0x00000000035275bf sp=0x000000000337ec60 mode 0
Event: 0.642 Thread 0x00000000033e2800 DEOPT PACKING pc=0x00000000036fc74b sp=0x000000000337efa0
Event: 0.642 Thread 0x00000000033e2800 DEOPT UNPACKING pc=0x00000000035275bf sp=0x000000000337edb0 mode 0


Dynamic libraries:
0x00007ff76cd00000 - 0x00007ff76cd31000 	C:\Program Files\Android\Android Studio\jre\bin\java.exe
0x00007ffd731e0000 - 0x00007ffd733b1000 	C:\WINDOWS\SYSTEM32\ntdll.dll
0x00007ffd70d90000 - 0x00007ffd70e3b000 	C:\WINDOWS\System32\KERNEL32.DLL
0x00007ffd70450000 - 0x00007ffd7066d000 	C:\WINDOWS\System32\KERNELBASE.dll
0x00007ffd730d0000 - 0x00007ffd73172000 	C:\WINDOWS\System32\ADVAPI32.dll
0x00007ffd71000000 - 0x00007ffd7109e000 	C:\WINDOWS\System32\msvcrt.dll
0x00007ffd73010000 - 0x00007ffd73069000 	C:\WINDOWS\System32\sechost.dll
0x00007ffd70e60000 - 0x00007ffd70f81000 	C:\WINDOWS\System32\RPCRT4.dll
0x00007ffd710a0000 - 0x00007ffd71205000 	C:\WINDOWS\System32\USER32.dll
0x00007ffd70060000 - 0x00007ffd7007e000 	C:\WINDOWS\System32\win32u.dll
0x00007ffd70790000 - 0x00007ffd707c4000 	C:\WINDOWS\System32\GDI32.dll
0x00007ffd6fed0000 - 0x00007ffd70052000 	C:\WINDOWS\System32\gdi32full.dll
0x00007ffd614a0000 - 0x00007ffd61719000 	C:\WINDOWS\WinSxS\amd64_microsoft.windows.common-controls_6595b64144ccf1df_6.0.14393.447_none_42191651c6827bb3\COMCTL32.dll
0x00007ffd71800000 - 0x00007ffd71ac8000 	C:\WINDOWS\System32\combase.dll
0x00007ffd70670000 - 0x00007ffd70765000 	C:\WINDOWS\System32\ucrtbase.dll
0x00007ffd6f6d0000 - 0x00007ffd6f73a000 	C:\WINDOWS\System32\bcryptPrimitives.dll
0x00007ffd72fe0000 - 0x00007ffd7300e000 	C:\WINDOWS\System32\IMM32.DLL
0x00000000757a0000 - 0x0000000075872000 	C:\Program Files\Android\Android Studio\jre\jre\bin\msvcr100.dll
0x0000000075880000 - 0x00000000760b4000 	C:\Program Files\Android\Android Studio\jre\jre\bin\server\jvm.dll
0x00007ffd70770000 - 0x00007ffd70778000 	C:\WINDOWS\System32\PSAPI.DLL
0x00007ffd6c5f0000 - 0x00007ffd6c5fa000 	C:\WINDOWS\SYSTEM32\VERSION.dll
0x00007ffd6dad0000 - 0x00007ffd6daf3000 	C:\WINDOWS\SYSTEM32\WINMM.dll
0x00007ffd5e230000 - 0x00007ffd5e239000 	C:\WINDOWS\SYSTEM32\WSOCK32.dll
0x00007ffd70d20000 - 0x00007ffd70d8a000 	C:\WINDOWS\System32\WS2_32.dll
0x00007ffd6daa0000 - 0x00007ffd6dacb000 	C:\WINDOWS\SYSTEM32\WINMMBASE.dll
0x00007ffd70190000 - 0x00007ffd701d2000 	C:\WINDOWS\System32\cfgmgr32.dll
0x00007ffd69ed0000 - 0x00007ffd69edf000 	C:\Program Files\Android\Android Studio\jre\jre\bin\verify.dll
0x00007ffd61d70000 - 0x00007ffd61d99000 	C:\Program Files\Android\Android Studio\jre\jre\bin\java.dll
0x00007ffd68b00000 - 0x00007ffd68b16000 	C:\Program Files\Android\Android Studio\jre\jre\bin\zip.dll
0x00007ffd71ad0000 - 0x00007ffd72fd9000 	C:\WINDOWS\System32\SHELL32.dll
0x00007ffd6f740000 - 0x00007ffd6fe1a000 	C:\WINDOWS\System32\windows.storage.dll
0x00007ffd6f670000 - 0x00007ffd6f6bc000 	C:\WINDOWS\System32\powrprof.dll
0x00007ffd717a0000 - 0x00007ffd717f2000 	C:\WINDOWS\System32\shlwapi.dll
0x00007ffd6f660000 - 0x00007ffd6f66f000 	C:\WINDOWS\System32\kernel.appcore.dll
0x00007ffd700e0000 - 0x00007ffd70189000 	C:\WINDOWS\System32\shcore.dll
0x00007ffd6f640000 - 0x00007ffd6f654000 	C:\WINDOWS\System32\profapi.dll

VM Arguments:
jvm_args: -Djava.awt.headless=true -Dfile.encoding=x-windows-949 -Duser.country=KR -Duser.language=ko -Duser.variant 
java_command: com.android.multidex.ClassReferenceListBuilder C:\Users\solar\AndroidStudioProjects\tabmemo\app\build\intermediates\multi-dex\debug\componentClasses.jar C:\Users\solar\AndroidStudioProjects\tabmemo\app\build\intermediates\transforms\jarMerging\debug\jars\1\1f\combined.jar
java_class_path (initial): C:\Users\solar\AppData\Local\Android\sdk\build-tools\24.0.3\lib\dx.jar
Launcher Type: SUN_STANDARD

Environment Variables:



---------------  S Y S T E M  ---------------

OS: Windows 10.0 , 64 bit Build 14393 (10.0.14393.0)

CPU:total 4 (2 cores per cpu, 2 threads per core) family 6 model 78 stepping 3, cmov, cx8, fxsr, mmx, sse, sse2, sse3, ssse3, sse4.1, sse4.2, popcnt, avx, avx2, aes, clmul, erms, 3dnowpref, lzcnt, ht, tsc, tscinvbit, bmi1, bmi2, adx

Memory: 4k page, physical 8302828k(1953416k free), swap 10257644k(5120k free)

vm_info: OpenJDK 64-Bit Server VM (25.76-b03) for windows-amd64 JRE (1.8.0_76-release-b03), built on Jun 29 2016 19:09:20 by "ralucas" with MS VC++ 10.0 (VS2010)

time: Mon Jan 02 00:18:31 2017
elapsed time: 0 seconds (0d 0h 0m 0s)

